[debug] [2021-12-25T20:07:43.781Z] ----------------------------------------------------------------------
[debug] [2021-12-25T20:07:43.785Z] Command:       /usr/bin/node /usr/bin/firebase deploy
[debug] [2021-12-25T20:07:43.787Z] CLI Version:   10.0.1
[debug] [2021-12-25T20:07:43.787Z] Platform:      linux
[debug] [2021-12-25T20:07:43.787Z] Node Version:  v17.3.0
[debug] [2021-12-25T20:07:43.788Z] Time:          Sat Dec 25 2021 22:07:43 GMT+0200 (South Africa Standard Time)
[debug] [2021-12-25T20:07:43.788Z] ----------------------------------------------------------------------
[debug] 
[debug] [2021-12-25T20:07:43.864Z] > command requires scopes: ["email","openid","https://www.googleapis.com/auth/cloudplatformprojects.readonly","https://www.googleapis.com/auth/firebase","https://www.googleapis.com/auth/cloud-platform"]
[debug] [2021-12-25T20:07:43.865Z] > authorizing via signed-in user (cnnrproton@gmail.com)
[debug] [2021-12-25T20:07:43.865Z] [iam] checking project lonewolf-web for permissions ["firebase.projects.get","firebasehosting.sites.update"]
[debug] [2021-12-25T20:07:43.868Z] > refreshing access token with scopes: ["email","https://www.googleapis.com/auth/cloud-platform","https://www.googleapis.com/auth/cloudplatformprojects.readonly","https://www.googleapis.com/auth/firebase","openid"]
[debug] [2021-12-25T20:07:43.868Z] >>> HTTP REQUEST POST https://www.googleapis.com/oauth2/v3/token  
 <request body omitted>
[debug] [2021-12-25T20:07:44.260Z] <<< HTTP RESPONSE 200 {"date":"Sat, 25 Dec 2021 20:07:44 GMT","pragma":"no-cache","expires":"Mon, 01 Jan 1990 00:00:00 GMT","cache-control":"no-cache, no-store, max-age=0, must-revalidate","content-type":"application/json; charset=utf-8","vary":"X-Origin, Referer, Origin,Accept-Encoding","server":"scaffolding on HTTPServer2","x-xss-protection":"0","x-frame-options":"SAMEORIGIN","x-content-type-options":"nosniff","alt-svc":"h3=\":443\"; ma=2592000,h3-29=\":443\"; ma=2592000,h3-Q050=\":443\"; ma=2592000,h3-Q046=\":443\"; ma=2592000,h3-Q043=\":443\"; ma=2592000,quic=\":443\"; ma=2592000; v=\"46,43\"","accept-ranges":"none","transfer-encoding":"chunked"}
[debug] [2021-12-25T20:07:44.269Z] >>> HTTP REQUEST POST https://cloudresourcemanager.googleapis.com/v1/projects/lonewolf-web:testIamPermissions  
 {"permissions":["firebase.projects.get","firebasehosting.sites.update"]}
[debug] [2021-12-25T20:07:46.114Z] <<< HTTP RESPONSE 200 {"content-type":"application/json; charset=UTF-8","vary":"X-Origin, Referer, Origin,Accept-Encoding","date":"Sat, 25 Dec 2021 20:07:45 GMT","server":"ESF","cache-control":"private","x-xss-protection":"0","x-frame-options":"SAMEORIGIN","x-content-type-options":"nosniff","server-timing":"gfet4t7; dur=1476","alt-svc":"h3=\":443\"; ma=2592000,h3-29=\":443\"; ma=2592000,h3-Q050=\":443\"; ma=2592000,h3-Q046=\":443\"; ma=2592000,h3-Q043=\":443\"; ma=2592000,quic=\":443\"; ma=2592000; v=\"46,43\"","accept-ranges":"none","transfer-encoding":"chunked"}
[debug] [2021-12-25T20:07:46.121Z] > refreshing access token with scopes: []
[debug] [2021-12-25T20:07:46.121Z] >>> HTTP REQUEST POST https://www.googleapis.com/oauth2/v3/token  
 <request body omitted>
[debug] [2021-12-25T20:07:46.493Z] <<< HTTP RESPONSE 200 {"cache-control":"no-cache, no-store, max-age=0, must-revalidate","expires":"Mon, 01 Jan 1990 00:00:00 GMT","date":"Sat, 25 Dec 2021 20:07:46 GMT","pragma":"no-cache","content-type":"application/json; charset=utf-8","vary":"X-Origin, Referer, Origin,Accept-Encoding","server":"scaffolding on HTTPServer2","x-xss-protection":"0","x-frame-options":"SAMEORIGIN","x-content-type-options":"nosniff","alt-svc":"h3=\":443\"; ma=2592000,h3-29=\":443\"; ma=2592000,h3-Q050=\":443\"; ma=2592000,h3-Q046=\":443\"; ma=2592000,h3-Q043=\":443\"; ma=2592000,quic=\":443\"; ma=2592000; v=\"46,43\"","accept-ranges":"none","transfer-encoding":"chunked"}
[debug] [2021-12-25T20:07:46.508Z] >>> [apiv2][query] GET https://firebase.googleapis.com/v1beta1/projects/lonewolf-web [none]
[debug] [2021-12-25T20:07:47.049Z] <<< [apiv2][status] GET https://firebase.googleapis.com/v1beta1/projects/lonewolf-web 200
[debug] [2021-12-25T20:07:47.049Z] <<< [apiv2][body] GET https://firebase.googleapis.com/v1beta1/projects/lonewolf-web {"projectId":"lonewolf-web","projectNumber":"593924499975","displayName":"lonewolf-web","name":"projects/lonewolf-web","resources":{"hostingSite":"lonewolf-web"},"state":"ACTIVE"}
[info] 
[info] === Deploying to 'lonewolf-web'...
[info] 
[info] i  deploying hosting 
[debug] [2021-12-25T20:07:47.054Z] > refreshing access token with scopes: ["email","https://www.googleapis.com/auth/cloud-platform","https://www.googleapis.com/auth/cloudplatformprojects.readonly","https://www.googleapis.com/auth/firebase","openid"]
[debug] [2021-12-25T20:07:47.054Z] >>> HTTP REQUEST POST https://www.googleapis.com/oauth2/v3/token  
 <request body omitted>
[debug] [2021-12-25T20:07:47.424Z] <<< HTTP RESPONSE 200 {"date":"Sat, 25 Dec 2021 20:07:47 GMT","cache-control":"no-cache, no-store, max-age=0, must-revalidate","pragma":"no-cache","expires":"Mon, 01 Jan 1990 00:00:00 GMT","content-type":"application/json; charset=utf-8","vary":"X-Origin, Referer, Origin,Accept-Encoding","server":"scaffolding on HTTPServer2","x-xss-protection":"0","x-frame-options":"SAMEORIGIN","x-content-type-options":"nosniff","alt-svc":"h3=\":443\"; ma=2592000,h3-29=\":443\"; ma=2592000,h3-Q050=\":443\"; ma=2592000,h3-Q046=\":443\"; ma=2592000,h3-Q043=\":443\"; ma=2592000,quic=\":443\"; ma=2592000; v=\"46,43\"","accept-ranges":"none","transfer-encoding":"chunked"}
[debug] [2021-12-25T20:07:47.429Z] >>> HTTP REQUEST POST https://firebasehosting.googleapis.com/v1beta1/sites/lonewolf-web/versions  
 {"config":{"rewrites":[{"glob":"**","path":"/index.html"}]},"labels":{"deployment-tool":"cli-firebase"}}
[debug] [2021-12-25T20:07:49.937Z] <<< HTTP RESPONSE 200 {"content-type":"application/json; charset=UTF-8","vary":"X-Origin, Referer, Origin,Accept-Encoding","date":"Sat, 25 Dec 2021 20:07:49 GMT","server":"ESF","cache-control":"private","x-xss-protection":"0","x-frame-options":"SAMEORIGIN","x-content-type-options":"nosniff","alt-svc":"h3=\":443\"; ma=2592000,h3-29=\":443\"; ma=2592000,h3-Q050=\":443\"; ma=2592000,h3-Q046=\":443\"; ma=2592000,h3-Q043=\":443\"; ma=2592000,quic=\":443\"; ma=2592000; v=\"46,43\"","accept-ranges":"none","transfer-encoding":"chunked"}
[info] i  hosting[lonewolf-web]: beginning deploy... 
[info] i  hosting[lonewolf-web]: found 21 files in dist 
[debug] [2021-12-25T20:07:50.038Z] > refreshing access token with scopes: []
[debug] [2021-12-25T20:07:50.038Z] >>> HTTP REQUEST POST https://www.googleapis.com/oauth2/v3/token  
 <request body omitted>
[debug] [2021-12-25T20:07:50.040Z] [hosting] hash cache [ZGlzdA] stored for 21 files
[debug] [2021-12-25T20:07:50.040Z] [hosting][hash queue][FINAL] {"max":43,"min":32,"avg":35.33333333333333,"active":0,"complete":21,"success":21,"errored":0,"retried":0,"total":21,"elapsed":61}
[debug] [2021-12-25T20:07:50.405Z] <<< HTTP RESPONSE 200 {"cache-control":"no-cache, no-store, max-age=0, must-revalidate","pragma":"no-cache","expires":"Mon, 01 Jan 1990 00:00:00 GMT","date":"Sat, 25 Dec 2021 20:07:50 GMT","content-type":"application/json; charset=utf-8","vary":"X-Origin, Referer, Origin,Accept-Encoding","server":"scaffolding on HTTPServer2","x-xss-protection":"0","x-frame-options":"SAMEORIGIN","x-content-type-options":"nosniff","alt-svc":"h3=\":443\"; ma=2592000,h3-29=\":443\"; ma=2592000,h3-Q050=\":443\"; ma=2592000,h3-Q046=\":443\"; ma=2592000,h3-Q043=\":443\"; ma=2592000,quic=\":443\"; ma=2592000; v=\"46,43\"","accept-ranges":"none","transfer-encoding":"chunked"}
[debug] [2021-12-25T20:07:50.414Z] >>> [apiv2][query] POST https://firebasehosting.googleapis.com/v1beta1/sites/lonewolf-web/versions/3c6ee9389abd324b:populateFiles [none]
[debug] [2021-12-25T20:07:50.414Z] >>> [apiv2][body] POST https://firebasehosting.googleapis.com/v1beta1/sites/lonewolf-web/versions/3c6ee9389abd324b:populateFiles {"files":{"/index.html":"c3f8380f97eee495b8a7f5eb72a1c001191f35010b0124a1c84eb22208921f85","/manifest.webmanifest":"d16bdfc9069f188d85a2fd2224c67dc46a3fea6b86400d45df138c2e1e576588","/robots.txt":"15deab7b5a1676b1090039532118da1c02bbf75f97f299004782e478261e3587","/assets/LoneWolfLogo.jsx":"a572844f14c516a84a64fa2a1cc659697c0755cecc255c590b824fcc565f2e69","/sw.js":"1241598d06f9fbb0889ed95b308884fdde42215e114c0ec00c0d8dc717297fd1","/assets/favicon.ico":"f4ea9188884182e2f8ee18682f2d253bc35a7d855801f55a3514cda91531d914","/assets/favicon.0e726a38.ico":"f4ea9188884182e2f8ee18682f2d253bc35a7d855801f55a3514cda91531d914","/assets/lonewolf-144.png":"f0b70585f5b92483efdf9d5669f66a4fb619bb9d763b15c3fec6d00753874087","/assets/lonewolf-128.png":"7e819b70ff8259b1bc14bf2e67989598c59f13f9f1670e90e557ad61febff93c","/assets/lonewolf-16.png":"a8c2405410ac55bc2104ff4403ef0ec4f2d05da7455bd71b07040d3841ef6fb9","/assets/index.6e31ba10.css":"c492f0deed18356a289354587fdb17e805214a5168fdba44c1c66b72b2a5daf4","/assets/lonewolf-192.png":"bc825475a217ef7b5bac90500bbcf06b7e72d279e6475d0aa041e22f575d7f3d","/assets/lonewolf-32.png":"7981fa53925227604b131ca9003fbe04c5e5a9449cb7a937ee7866e1a040ef4f","/assets/lonewolf-256.png":"679557ca96c39ddf8f2763ed471218b6eba851ce2da3def81f2ff385de0d137b","/assets/lonewolf-64.png":"37023d03762bfca993aa7129816871461cdbaabc5982ae1c18603689b64c4fb3","/assets/sw.9cd002ee.js":"2f0951cab155d86aa77ce010dbca07ec54d533b4ebbfdaeb85fc2d4c0a79d7e3","/assets/lonewolf-192.0a4af29c.png":"bc825475a217ef7b5bac90500bbcf06b7e72d279e6475d0aa041e22f575d7f3d","/assets/lonewolf-512.png":"9054cfb971c927b591bd5b5f1343595114a67cf70b736c979f791067c9d45c24","/assets/lonewolf.png":"9054cfb971c927b591bd5b5f1343595114a67cf70b736c979f791067c9d45c24","/assets/index.31f028a2.js":"22a357b7260821b4ca0823a6c70314ce20676cc3814428a38ddd79191a4c8ddf","/assets/vendor.727f6e23.js":"21b5b1b310d73baef7bd84e403f5ddcdc38daad39f947de7e5add5b26ba363a4"}}
